<?xml version="1.0" encoding="UTF-8"?>
<!-- Generated by org.testng.reporters.JUnitReportReporter -->
<testsuite hostname="faraday" name="com.rentalroost.automation.houserieqa.TenantScreeningAuthorizationLandlordPayTest" tests="1" failures="0" timestamp="24 Mar 2014 10:17:42 GMT" time="39.340" errors="0">
  <testcase name="TenantScreeningAuthorizationLandlordPay" time="39.340" classname="com.rentalroost.automation.houserieqa.TenantScreeningAuthorizationLandlordPayTest"/>
</testsuite> <!-- com.rentalroost.automation.houserieqa.TenantScreeningAuthorizationLandlordPayTest -->
