<?xml version="1.0" encoding="UTF-8"?>
<!-- Generated by org.testng.reporters.JUnitReportReporter -->
<testsuite hostname="faraday" name="com.rentalroost.automation.houserieqa.LandlordFourTenantsFlowTest" tests="1" failures="0" timestamp="26 Mar 2014 06:21:50 GMT" time="29.680" errors="0">
  <testcase name="LandlordSingleTenantFlow" time="29.680" classname="com.rentalroost.automation.houserieqa.LandlordFourTenantsFlowTest"/>
</testsuite> <!-- com.rentalroost.automation.houserieqa.LandlordFourTenantsFlowTest -->
