<?xml version="1.0" encoding="UTF-8"?>
<!-- Generated by org.testng.reporters.JUnitReportReporter -->
<testsuite hostname="faraday" name="com.rentalroost.automation.houserieqa.CancelOrderByLandlordTest" tests="1" failures="0" timestamp="4 Apr 2014 10:08:11 GMT" time="25.300" errors="0">
  <testcase name="CancelOrderByLandlord" time="25.300" classname="com.rentalroost.automation.houserieqa.CancelOrderByLandlordTest"/>
</testsuite> <!-- com.rentalroost.automation.houserieqa.CancelOrderByLandlordTest -->
